[2025-05-06T09:00:01.808+0000] {processor.py:157} INFO - Started process (PID=884) to work on /opt/airflow/dags/example_etl_dag.py
[2025-05-06T09:00:01.809+0000] {processor.py:829} INFO - Processing file /opt/airflow/dags/example_etl_dag.py for tasks to queue
[2025-05-06T09:00:01.809+0000] {logging_mixin.py:151} INFO - [2025-05-06T09:00:01.809+0000] {dagbag.py:539} INFO - Filling up the DagBag from /opt/airflow/dags/example_etl_dag.py
[2025-05-06T09:00:01.816+0000] {processor.py:839} INFO - DAG(s) dict_keys(['example_etl_dag']) retrieved from /opt/airflow/dags/example_etl_dag.py
[2025-05-06T09:00:01.903+0000] {logging_mixin.py:151} INFO - [2025-05-06T09:00:01.903+0000] {manager.py:499} INFO - Created Permission View: %s
[2025-05-06T09:00:01.910+0000] {logging_mixin.py:151} INFO - [2025-05-06T09:00:01.910+0000] {manager.py:499} INFO - Created Permission View: %s
[2025-05-06T09:00:01.915+0000] {logging_mixin.py:151} INFO - [2025-05-06T09:00:01.915+0000] {manager.py:499} INFO - Created Permission View: %s
[2025-05-06T09:00:01.916+0000] {logging_mixin.py:151} INFO - [2025-05-06T09:00:01.916+0000] {security.py:708} INFO - Not syncing DAG-level permissions for DAG 'DAG:example_etl_dag' as access control is unset.
[2025-05-06T09:00:01.916+0000] {logging_mixin.py:151} INFO - [2025-05-06T09:00:01.916+0000] {dag.py:2915} INFO - Sync 1 DAGs
[2025-05-06T09:00:01.924+0000] {logging_mixin.py:151} INFO - [2025-05-06T09:00:01.924+0000] {dag.py:2937} INFO - Creating ORM DAG for example_etl_dag
[2025-05-06T09:00:01.924+0000] {logging_mixin.py:151} INFO - [2025-05-06T09:00:01.924+0000] {dag.py:3696} INFO - Setting next_dagrun for example_etl_dag to None, run_after=None
[2025-05-06T09:00:01.937+0000] {processor.py:179} INFO - Processing /opt/airflow/dags/example_etl_dag.py took 0.131 seconds
[2025-05-06T09:00:32.156+0000] {processor.py:157} INFO - Started process (PID=920) to work on /opt/airflow/dags/example_etl_dag.py
[2025-05-06T09:00:32.157+0000] {processor.py:829} INFO - Processing file /opt/airflow/dags/example_etl_dag.py for tasks to queue
[2025-05-06T09:00:32.158+0000] {logging_mixin.py:151} INFO - [2025-05-06T09:00:32.158+0000] {dagbag.py:539} INFO - Filling up the DagBag from /opt/airflow/dags/example_etl_dag.py
[2025-05-06T09:00:32.165+0000] {processor.py:839} INFO - DAG(s) dict_keys(['example_etl_dag']) retrieved from /opt/airflow/dags/example_etl_dag.py
[2025-05-06T09:00:32.188+0000] {logging_mixin.py:151} INFO - [2025-05-06T09:00:32.188+0000] {dag.py:2915} INFO - Sync 1 DAGs
[2025-05-06T09:00:32.198+0000] {logging_mixin.py:151} INFO - [2025-05-06T09:00:32.198+0000] {dag.py:3696} INFO - Setting next_dagrun for example_etl_dag to None, run_after=None
[2025-05-06T09:00:32.217+0000] {processor.py:179} INFO - Processing /opt/airflow/dags/example_etl_dag.py took 0.063 seconds
[2025-05-06T09:01:02.545+0000] {processor.py:157} INFO - Started process (PID=964) to work on /opt/airflow/dags/example_etl_dag.py
[2025-05-06T09:01:02.547+0000] {processor.py:829} INFO - Processing file /opt/airflow/dags/example_etl_dag.py for tasks to queue
[2025-05-06T09:01:02.548+0000] {logging_mixin.py:151} INFO - [2025-05-06T09:01:02.548+0000] {dagbag.py:539} INFO - Filling up the DagBag from /opt/airflow/dags/example_etl_dag.py
[2025-05-06T09:01:02.561+0000] {processor.py:839} INFO - DAG(s) dict_keys(['example_etl_dag']) retrieved from /opt/airflow/dags/example_etl_dag.py
[2025-05-06T09:01:02.591+0000] {logging_mixin.py:151} INFO - [2025-05-06T09:01:02.591+0000] {dag.py:2915} INFO - Sync 1 DAGs
[2025-05-06T09:01:02.606+0000] {logging_mixin.py:151} INFO - [2025-05-06T09:01:02.605+0000] {dag.py:3696} INFO - Setting next_dagrun for example_etl_dag to None, run_after=None
[2025-05-06T09:01:02.626+0000] {processor.py:179} INFO - Processing /opt/airflow/dags/example_etl_dag.py took 0.084 seconds
[2025-05-06T09:01:32.853+0000] {processor.py:157} INFO - Started process (PID=1000) to work on /opt/airflow/dags/example_etl_dag.py
[2025-05-06T09:01:32.854+0000] {processor.py:829} INFO - Processing file /opt/airflow/dags/example_etl_dag.py for tasks to queue
[2025-05-06T09:01:32.855+0000] {logging_mixin.py:151} INFO - [2025-05-06T09:01:32.855+0000] {dagbag.py:539} INFO - Filling up the DagBag from /opt/airflow/dags/example_etl_dag.py
[2025-05-06T09:01:32.865+0000] {processor.py:839} INFO - DAG(s) dict_keys(['example_etl_dag']) retrieved from /opt/airflow/dags/example_etl_dag.py
[2025-05-06T09:01:32.891+0000] {logging_mixin.py:151} INFO - [2025-05-06T09:01:32.891+0000] {dag.py:2915} INFO - Sync 1 DAGs
[2025-05-06T09:01:32.902+0000] {logging_mixin.py:151} INFO - [2025-05-06T09:01:32.902+0000] {dag.py:3696} INFO - Setting next_dagrun for example_etl_dag to None, run_after=None
[2025-05-06T09:01:32.923+0000] {processor.py:179} INFO - Processing /opt/airflow/dags/example_etl_dag.py took 0.072 seconds
[2025-05-06T09:02:03.154+0000] {processor.py:157} INFO - Started process (PID=1046) to work on /opt/airflow/dags/example_etl_dag.py
[2025-05-06T09:02:03.157+0000] {processor.py:829} INFO - Processing file /opt/airflow/dags/example_etl_dag.py for tasks to queue
[2025-05-06T09:02:03.158+0000] {logging_mixin.py:151} INFO - [2025-05-06T09:02:03.158+0000] {dagbag.py:539} INFO - Filling up the DagBag from /opt/airflow/dags/example_etl_dag.py
[2025-05-06T09:02:03.177+0000] {processor.py:839} INFO - DAG(s) dict_keys(['example_etl_dag']) retrieved from /opt/airflow/dags/example_etl_dag.py
[2025-05-06T09:02:03.205+0000] {logging_mixin.py:151} INFO - [2025-05-06T09:02:03.205+0000] {dag.py:2915} INFO - Sync 1 DAGs
[2025-05-06T09:02:03.220+0000] {logging_mixin.py:151} INFO - [2025-05-06T09:02:03.220+0000] {dag.py:3696} INFO - Setting next_dagrun for example_etl_dag to None, run_after=None
[2025-05-06T09:02:03.237+0000] {processor.py:179} INFO - Processing /opt/airflow/dags/example_etl_dag.py took 0.090 seconds
[2025-05-06T09:02:33.488+0000] {processor.py:157} INFO - Started process (PID=1082) to work on /opt/airflow/dags/example_etl_dag.py
[2025-05-06T09:02:33.490+0000] {processor.py:829} INFO - Processing file /opt/airflow/dags/example_etl_dag.py for tasks to queue
[2025-05-06T09:02:33.491+0000] {logging_mixin.py:151} INFO - [2025-05-06T09:02:33.491+0000] {dagbag.py:539} INFO - Filling up the DagBag from /opt/airflow/dags/example_etl_dag.py
[2025-05-06T09:02:33.507+0000] {processor.py:839} INFO - DAG(s) dict_keys(['example_etl_dag']) retrieved from /opt/airflow/dags/example_etl_dag.py
[2025-05-06T09:02:33.536+0000] {logging_mixin.py:151} INFO - [2025-05-06T09:02:33.535+0000] {dag.py:2915} INFO - Sync 1 DAGs
[2025-05-06T09:02:33.553+0000] {logging_mixin.py:151} INFO - [2025-05-06T09:02:33.553+0000] {dag.py:3696} INFO - Setting next_dagrun for example_etl_dag to None, run_after=None
[2025-05-06T09:02:33.575+0000] {processor.py:179} INFO - Processing /opt/airflow/dags/example_etl_dag.py took 0.092 seconds
[2025-05-06T09:03:03.810+0000] {processor.py:157} INFO - Started process (PID=1125) to work on /opt/airflow/dags/example_etl_dag.py
[2025-05-06T09:03:03.812+0000] {processor.py:829} INFO - Processing file /opt/airflow/dags/example_etl_dag.py for tasks to queue
[2025-05-06T09:03:03.813+0000] {logging_mixin.py:151} INFO - [2025-05-06T09:03:03.813+0000] {dagbag.py:539} INFO - Filling up the DagBag from /opt/airflow/dags/example_etl_dag.py
[2025-05-06T09:03:03.824+0000] {processor.py:839} INFO - DAG(s) dict_keys(['example_etl_dag']) retrieved from /opt/airflow/dags/example_etl_dag.py
[2025-05-06T09:03:03.853+0000] {logging_mixin.py:151} INFO - [2025-05-06T09:03:03.853+0000] {dag.py:2915} INFO - Sync 1 DAGs
[2025-05-06T09:03:03.867+0000] {logging_mixin.py:151} INFO - [2025-05-06T09:03:03.867+0000] {dag.py:3696} INFO - Setting next_dagrun for example_etl_dag to None, run_after=None
[2025-05-06T09:03:03.889+0000] {processor.py:179} INFO - Processing /opt/airflow/dags/example_etl_dag.py took 0.082 seconds
[2025-05-06T09:03:34.173+0000] {processor.py:157} INFO - Started process (PID=1161) to work on /opt/airflow/dags/example_etl_dag.py
[2025-05-06T09:03:34.176+0000] {processor.py:829} INFO - Processing file /opt/airflow/dags/example_etl_dag.py for tasks to queue
[2025-05-06T09:03:34.177+0000] {logging_mixin.py:151} INFO - [2025-05-06T09:03:34.176+0000] {dagbag.py:539} INFO - Filling up the DagBag from /opt/airflow/dags/example_etl_dag.py
[2025-05-06T09:03:34.191+0000] {processor.py:839} INFO - DAG(s) dict_keys(['example_etl_dag']) retrieved from /opt/airflow/dags/example_etl_dag.py
[2025-05-06T09:03:34.221+0000] {logging_mixin.py:151} INFO - [2025-05-06T09:03:34.221+0000] {dag.py:2915} INFO - Sync 1 DAGs
[2025-05-06T09:03:34.236+0000] {logging_mixin.py:151} INFO - [2025-05-06T09:03:34.235+0000] {dag.py:3696} INFO - Setting next_dagrun for example_etl_dag to None, run_after=None
[2025-05-06T09:03:34.257+0000] {processor.py:179} INFO - Processing /opt/airflow/dags/example_etl_dag.py took 0.089 seconds
[2025-05-06T09:04:04.472+0000] {processor.py:157} INFO - Started process (PID=1204) to work on /opt/airflow/dags/example_etl_dag.py
[2025-05-06T09:04:04.473+0000] {processor.py:829} INFO - Processing file /opt/airflow/dags/example_etl_dag.py for tasks to queue
[2025-05-06T09:04:04.473+0000] {logging_mixin.py:151} INFO - [2025-05-06T09:04:04.473+0000] {dagbag.py:539} INFO - Filling up the DagBag from /opt/airflow/dags/example_etl_dag.py
[2025-05-06T09:04:04.481+0000] {processor.py:839} INFO - DAG(s) dict_keys(['example_etl_dag']) retrieved from /opt/airflow/dags/example_etl_dag.py
[2025-05-06T09:04:04.501+0000] {logging_mixin.py:151} INFO - [2025-05-06T09:04:04.501+0000] {dag.py:2915} INFO - Sync 1 DAGs
[2025-05-06T09:04:04.510+0000] {logging_mixin.py:151} INFO - [2025-05-06T09:04:04.510+0000] {dag.py:3696} INFO - Setting next_dagrun for example_etl_dag to None, run_after=None
[2025-05-06T09:04:04.524+0000] {processor.py:179} INFO - Processing /opt/airflow/dags/example_etl_dag.py took 0.055 seconds
[2025-05-06T09:04:34.710+0000] {processor.py:157} INFO - Started process (PID=1240) to work on /opt/airflow/dags/example_etl_dag.py
[2025-05-06T09:04:34.711+0000] {processor.py:829} INFO - Processing file /opt/airflow/dags/example_etl_dag.py for tasks to queue
[2025-05-06T09:04:34.712+0000] {logging_mixin.py:151} INFO - [2025-05-06T09:04:34.711+0000] {dagbag.py:539} INFO - Filling up the DagBag from /opt/airflow/dags/example_etl_dag.py
[2025-05-06T09:04:34.725+0000] {processor.py:839} INFO - DAG(s) dict_keys(['example_etl_dag']) retrieved from /opt/airflow/dags/example_etl_dag.py
[2025-05-06T09:04:34.748+0000] {logging_mixin.py:151} INFO - [2025-05-06T09:04:34.748+0000] {dag.py:2915} INFO - Sync 1 DAGs
[2025-05-06T09:04:34.758+0000] {logging_mixin.py:151} INFO - [2025-05-06T09:04:34.758+0000] {dag.py:3696} INFO - Setting next_dagrun for example_etl_dag to None, run_after=None
[2025-05-06T09:04:34.774+0000] {processor.py:179} INFO - Processing /opt/airflow/dags/example_etl_dag.py took 0.067 seconds
[2025-05-06T09:05:05.038+0000] {processor.py:157} INFO - Started process (PID=1284) to work on /opt/airflow/dags/example_etl_dag.py
[2025-05-06T09:05:05.040+0000] {processor.py:829} INFO - Processing file /opt/airflow/dags/example_etl_dag.py for tasks to queue
[2025-05-06T09:05:05.041+0000] {logging_mixin.py:151} INFO - [2025-05-06T09:05:05.040+0000] {dagbag.py:539} INFO - Filling up the DagBag from /opt/airflow/dags/example_etl_dag.py
[2025-05-06T09:05:05.051+0000] {processor.py:839} INFO - DAG(s) dict_keys(['example_etl_dag']) retrieved from /opt/airflow/dags/example_etl_dag.py
[2025-05-06T09:05:05.078+0000] {logging_mixin.py:151} INFO - [2025-05-06T09:05:05.078+0000] {dag.py:2915} INFO - Sync 1 DAGs
[2025-05-06T09:05:05.092+0000] {logging_mixin.py:151} INFO - [2025-05-06T09:05:05.092+0000] {dag.py:3696} INFO - Setting next_dagrun for example_etl_dag to None, run_after=None
[2025-05-06T09:05:05.111+0000] {processor.py:179} INFO - Processing /opt/airflow/dags/example_etl_dag.py took 0.077 seconds
[2025-05-06T09:05:35.266+0000] {processor.py:157} INFO - Started process (PID=1327) to work on /opt/airflow/dags/example_etl_dag.py
[2025-05-06T09:05:35.268+0000] {processor.py:829} INFO - Processing file /opt/airflow/dags/example_etl_dag.py for tasks to queue
[2025-05-06T09:05:35.269+0000] {logging_mixin.py:151} INFO - [2025-05-06T09:05:35.269+0000] {dagbag.py:539} INFO - Filling up the DagBag from /opt/airflow/dags/example_etl_dag.py
[2025-05-06T09:05:35.281+0000] {processor.py:839} INFO - DAG(s) dict_keys(['example_etl_dag']) retrieved from /opt/airflow/dags/example_etl_dag.py
[2025-05-06T09:05:35.317+0000] {logging_mixin.py:151} INFO - [2025-05-06T09:05:35.317+0000] {dag.py:2915} INFO - Sync 1 DAGs
[2025-05-06T09:05:35.332+0000] {logging_mixin.py:151} INFO - [2025-05-06T09:05:35.332+0000] {dag.py:3696} INFO - Setting next_dagrun for example_etl_dag to None, run_after=None
[2025-05-06T09:05:35.355+0000] {processor.py:179} INFO - Processing /opt/airflow/dags/example_etl_dag.py took 0.093 seconds
[2025-05-06T09:06:05.586+0000] {processor.py:157} INFO - Started process (PID=1363) to work on /opt/airflow/dags/example_etl_dag.py
[2025-05-06T09:06:05.587+0000] {processor.py:829} INFO - Processing file /opt/airflow/dags/example_etl_dag.py for tasks to queue
[2025-05-06T09:06:05.588+0000] {logging_mixin.py:151} INFO - [2025-05-06T09:06:05.588+0000] {dagbag.py:539} INFO - Filling up the DagBag from /opt/airflow/dags/example_etl_dag.py
[2025-05-06T09:06:05.597+0000] {processor.py:839} INFO - DAG(s) dict_keys(['example_etl_dag']) retrieved from /opt/airflow/dags/example_etl_dag.py
[2025-05-06T09:06:05.628+0000] {logging_mixin.py:151} INFO - [2025-05-06T09:06:05.627+0000] {dag.py:2915} INFO - Sync 1 DAGs
[2025-05-06T09:06:05.639+0000] {logging_mixin.py:151} INFO - [2025-05-06T09:06:05.639+0000] {dag.py:3696} INFO - Setting next_dagrun for example_etl_dag to None, run_after=None
[2025-05-06T09:06:05.654+0000] {processor.py:179} INFO - Processing /opt/airflow/dags/example_etl_dag.py took 0.070 seconds
[2025-05-06T09:06:35.955+0000] {processor.py:157} INFO - Started process (PID=1407) to work on /opt/airflow/dags/example_etl_dag.py
[2025-05-06T09:06:35.956+0000] {processor.py:829} INFO - Processing file /opt/airflow/dags/example_etl_dag.py for tasks to queue
[2025-05-06T09:06:35.957+0000] {logging_mixin.py:151} INFO - [2025-05-06T09:06:35.957+0000] {dagbag.py:539} INFO - Filling up the DagBag from /opt/airflow/dags/example_etl_dag.py
[2025-05-06T09:06:35.963+0000] {processor.py:839} INFO - DAG(s) dict_keys(['example_etl_dag']) retrieved from /opt/airflow/dags/example_etl_dag.py
[2025-05-06T09:06:35.983+0000] {logging_mixin.py:151} INFO - [2025-05-06T09:06:35.983+0000] {dag.py:2915} INFO - Sync 1 DAGs
[2025-05-06T09:06:35.992+0000] {logging_mixin.py:151} INFO - [2025-05-06T09:06:35.992+0000] {dag.py:3696} INFO - Setting next_dagrun for example_etl_dag to None, run_after=None
[2025-05-06T09:06:36.008+0000] {processor.py:179} INFO - Processing /opt/airflow/dags/example_etl_dag.py took 0.055 seconds
[2025-05-06T09:07:06.315+0000] {processor.py:157} INFO - Started process (PID=1445) to work on /opt/airflow/dags/example_etl_dag.py
[2025-05-06T09:07:06.318+0000] {processor.py:829} INFO - Processing file /opt/airflow/dags/example_etl_dag.py for tasks to queue
[2025-05-06T09:07:06.321+0000] {logging_mixin.py:151} INFO - [2025-05-06T09:07:06.320+0000] {dagbag.py:539} INFO - Filling up the DagBag from /opt/airflow/dags/example_etl_dag.py
[2025-05-06T09:07:06.338+0000] {processor.py:839} INFO - DAG(s) dict_keys(['example_etl_dag']) retrieved from /opt/airflow/dags/example_etl_dag.py
[2025-05-06T09:07:06.363+0000] {logging_mixin.py:151} INFO - [2025-05-06T09:07:06.363+0000] {dag.py:2915} INFO - Sync 1 DAGs
[2025-05-06T09:07:06.374+0000] {logging_mixin.py:151} INFO - [2025-05-06T09:07:06.374+0000] {dag.py:3696} INFO - Setting next_dagrun for example_etl_dag to None, run_after=None
[2025-05-06T09:07:06.389+0000] {processor.py:179} INFO - Processing /opt/airflow/dags/example_etl_dag.py took 0.084 seconds
[2025-05-06T09:07:36.679+0000] {processor.py:157} INFO - Started process (PID=1489) to work on /opt/airflow/dags/example_etl_dag.py
[2025-05-06T09:07:36.682+0000] {processor.py:829} INFO - Processing file /opt/airflow/dags/example_etl_dag.py for tasks to queue
[2025-05-06T09:07:36.685+0000] {logging_mixin.py:151} INFO - [2025-05-06T09:07:36.684+0000] {dagbag.py:539} INFO - Filling up the DagBag from /opt/airflow/dags/example_etl_dag.py
[2025-05-06T09:07:36.710+0000] {processor.py:839} INFO - DAG(s) dict_keys(['example_etl_dag']) retrieved from /opt/airflow/dags/example_etl_dag.py
[2025-05-06T09:07:36.741+0000] {logging_mixin.py:151} INFO - [2025-05-06T09:07:36.741+0000] {dag.py:2915} INFO - Sync 1 DAGs
[2025-05-06T09:07:36.752+0000] {logging_mixin.py:151} INFO - [2025-05-06T09:07:36.751+0000] {dag.py:3696} INFO - Setting next_dagrun for example_etl_dag to None, run_after=None
[2025-05-06T09:07:36.767+0000] {processor.py:179} INFO - Processing /opt/airflow/dags/example_etl_dag.py took 0.097 seconds
[2025-05-06T09:08:07.095+0000] {processor.py:157} INFO - Started process (PID=1525) to work on /opt/airflow/dags/example_etl_dag.py
[2025-05-06T09:08:07.099+0000] {processor.py:829} INFO - Processing file /opt/airflow/dags/example_etl_dag.py for tasks to queue
[2025-05-06T09:08:07.102+0000] {logging_mixin.py:151} INFO - [2025-05-06T09:08:07.101+0000] {dagbag.py:539} INFO - Filling up the DagBag from /opt/airflow/dags/example_etl_dag.py
[2025-05-06T09:08:07.119+0000] {processor.py:839} INFO - DAG(s) dict_keys(['example_etl_dag']) retrieved from /opt/airflow/dags/example_etl_dag.py
[2025-05-06T09:08:07.144+0000] {logging_mixin.py:151} INFO - [2025-05-06T09:08:07.143+0000] {dag.py:2915} INFO - Sync 1 DAGs
[2025-05-06T09:08:07.154+0000] {logging_mixin.py:151} INFO - [2025-05-06T09:08:07.153+0000] {dag.py:3696} INFO - Setting next_dagrun for example_etl_dag to None, run_after=None
[2025-05-06T09:08:07.168+0000] {processor.py:179} INFO - Processing /opt/airflow/dags/example_etl_dag.py took 0.083 seconds
[2025-05-06T09:08:37.476+0000] {processor.py:157} INFO - Started process (PID=1569) to work on /opt/airflow/dags/example_etl_dag.py
[2025-05-06T09:08:37.479+0000] {processor.py:829} INFO - Processing file /opt/airflow/dags/example_etl_dag.py for tasks to queue
[2025-05-06T09:08:37.482+0000] {logging_mixin.py:151} INFO - [2025-05-06T09:08:37.481+0000] {dagbag.py:539} INFO - Filling up the DagBag from /opt/airflow/dags/example_etl_dag.py
[2025-05-06T09:08:37.506+0000] {processor.py:839} INFO - DAG(s) dict_keys(['example_etl_dag']) retrieved from /opt/airflow/dags/example_etl_dag.py
[2025-05-06T09:08:37.534+0000] {logging_mixin.py:151} INFO - [2025-05-06T09:08:37.534+0000] {dag.py:2915} INFO - Sync 1 DAGs
[2025-05-06T09:08:37.545+0000] {logging_mixin.py:151} INFO - [2025-05-06T09:08:37.545+0000] {dag.py:3696} INFO - Setting next_dagrun for example_etl_dag to None, run_after=None
[2025-05-06T09:08:37.563+0000] {processor.py:179} INFO - Processing /opt/airflow/dags/example_etl_dag.py took 0.095 seconds
[2025-05-06T09:09:07.793+0000] {processor.py:157} INFO - Started process (PID=1613) to work on /opt/airflow/dags/example_etl_dag.py
[2025-05-06T09:09:07.795+0000] {processor.py:829} INFO - Processing file /opt/airflow/dags/example_etl_dag.py for tasks to queue
[2025-05-06T09:09:07.795+0000] {logging_mixin.py:151} INFO - [2025-05-06T09:09:07.795+0000] {dagbag.py:539} INFO - Filling up the DagBag from /opt/airflow/dags/example_etl_dag.py
[2025-05-06T09:09:07.802+0000] {processor.py:839} INFO - DAG(s) dict_keys(['example_etl_dag']) retrieved from /opt/airflow/dags/example_etl_dag.py
[2025-05-06T09:09:07.822+0000] {logging_mixin.py:151} INFO - [2025-05-06T09:09:07.822+0000] {dag.py:2915} INFO - Sync 1 DAGs
[2025-05-06T09:09:07.832+0000] {logging_mixin.py:151} INFO - [2025-05-06T09:09:07.832+0000] {dag.py:3696} INFO - Setting next_dagrun for example_etl_dag to None, run_after=None
[2025-05-06T09:09:07.848+0000] {processor.py:179} INFO - Processing /opt/airflow/dags/example_etl_dag.py took 0.057 seconds
[2025-05-06T09:09:38.167+0000] {processor.py:157} INFO - Started process (PID=1649) to work on /opt/airflow/dags/example_etl_dag.py
[2025-05-06T09:09:38.169+0000] {processor.py:829} INFO - Processing file /opt/airflow/dags/example_etl_dag.py for tasks to queue
[2025-05-06T09:09:38.170+0000] {logging_mixin.py:151} INFO - [2025-05-06T09:09:38.170+0000] {dagbag.py:539} INFO - Filling up the DagBag from /opt/airflow/dags/example_etl_dag.py
[2025-05-06T09:09:38.183+0000] {processor.py:839} INFO - DAG(s) dict_keys(['example_etl_dag']) retrieved from /opt/airflow/dags/example_etl_dag.py
[2025-05-06T09:09:38.210+0000] {logging_mixin.py:151} INFO - [2025-05-06T09:09:38.209+0000] {dag.py:2915} INFO - Sync 1 DAGs
[2025-05-06T09:09:38.222+0000] {logging_mixin.py:151} INFO - [2025-05-06T09:09:38.222+0000] {dag.py:3696} INFO - Setting next_dagrun for example_etl_dag to None, run_after=None
[2025-05-06T09:09:38.239+0000] {processor.py:179} INFO - Processing /opt/airflow/dags/example_etl_dag.py took 0.076 seconds
[2025-05-06T09:10:08.528+0000] {processor.py:157} INFO - Started process (PID=1693) to work on /opt/airflow/dags/example_etl_dag.py
[2025-05-06T09:10:08.530+0000] {processor.py:829} INFO - Processing file /opt/airflow/dags/example_etl_dag.py for tasks to queue
[2025-05-06T09:10:08.531+0000] {logging_mixin.py:151} INFO - [2025-05-06T09:10:08.531+0000] {dagbag.py:539} INFO - Filling up the DagBag from /opt/airflow/dags/example_etl_dag.py
[2025-05-06T09:10:08.543+0000] {processor.py:839} INFO - DAG(s) dict_keys(['example_etl_dag']) retrieved from /opt/airflow/dags/example_etl_dag.py
[2025-05-06T09:10:08.565+0000] {logging_mixin.py:151} INFO - [2025-05-06T09:10:08.565+0000] {dag.py:2915} INFO - Sync 1 DAGs
[2025-05-06T09:10:08.575+0000] {logging_mixin.py:151} INFO - [2025-05-06T09:10:08.575+0000] {dag.py:3696} INFO - Setting next_dagrun for example_etl_dag to None, run_after=None
[2025-05-06T09:10:08.589+0000] {processor.py:179} INFO - Processing /opt/airflow/dags/example_etl_dag.py took 0.065 seconds
[2025-05-06T09:10:38.801+0000] {processor.py:157} INFO - Started process (PID=1729) to work on /opt/airflow/dags/example_etl_dag.py
[2025-05-06T09:10:38.803+0000] {processor.py:829} INFO - Processing file /opt/airflow/dags/example_etl_dag.py for tasks to queue
[2025-05-06T09:10:38.803+0000] {logging_mixin.py:151} INFO - [2025-05-06T09:10:38.803+0000] {dagbag.py:539} INFO - Filling up the DagBag from /opt/airflow/dags/example_etl_dag.py
[2025-05-06T09:10:38.812+0000] {processor.py:839} INFO - DAG(s) dict_keys(['example_etl_dag']) retrieved from /opt/airflow/dags/example_etl_dag.py
[2025-05-06T09:10:38.833+0000] {logging_mixin.py:151} INFO - [2025-05-06T09:10:38.833+0000] {dag.py:2915} INFO - Sync 1 DAGs
[2025-05-06T09:10:38.845+0000] {logging_mixin.py:151} INFO - [2025-05-06T09:10:38.844+0000] {dag.py:3696} INFO - Setting next_dagrun for example_etl_dag to None, run_after=None
[2025-05-06T09:10:38.863+0000] {processor.py:179} INFO - Processing /opt/airflow/dags/example_etl_dag.py took 0.064 seconds
[2025-05-06T09:11:09.077+0000] {processor.py:157} INFO - Started process (PID=1773) to work on /opt/airflow/dags/example_etl_dag.py
[2025-05-06T09:11:09.079+0000] {processor.py:829} INFO - Processing file /opt/airflow/dags/example_etl_dag.py for tasks to queue
[2025-05-06T09:11:09.079+0000] {logging_mixin.py:151} INFO - [2025-05-06T09:11:09.079+0000] {dagbag.py:539} INFO - Filling up the DagBag from /opt/airflow/dags/example_etl_dag.py
[2025-05-06T09:11:09.086+0000] {processor.py:839} INFO - DAG(s) dict_keys(['example_etl_dag']) retrieved from /opt/airflow/dags/example_etl_dag.py
[2025-05-06T09:11:09.108+0000] {logging_mixin.py:151} INFO - [2025-05-06T09:11:09.108+0000] {dag.py:2915} INFO - Sync 1 DAGs
[2025-05-06T09:11:09.119+0000] {logging_mixin.py:151} INFO - [2025-05-06T09:11:09.119+0000] {dag.py:3696} INFO - Setting next_dagrun for example_etl_dag to None, run_after=None
[2025-05-06T09:11:09.135+0000] {processor.py:179} INFO - Processing /opt/airflow/dags/example_etl_dag.py took 0.060 seconds
[2025-05-06T09:11:39.340+0000] {processor.py:157} INFO - Started process (PID=1809) to work on /opt/airflow/dags/example_etl_dag.py
[2025-05-06T09:11:39.343+0000] {processor.py:829} INFO - Processing file /opt/airflow/dags/example_etl_dag.py for tasks to queue
[2025-05-06T09:11:39.345+0000] {logging_mixin.py:151} INFO - [2025-05-06T09:11:39.345+0000] {dagbag.py:539} INFO - Filling up the DagBag from /opt/airflow/dags/example_etl_dag.py
[2025-05-06T09:11:39.373+0000] {processor.py:839} INFO - DAG(s) dict_keys(['example_etl_dag']) retrieved from /opt/airflow/dags/example_etl_dag.py
[2025-05-06T09:11:39.405+0000] {logging_mixin.py:151} INFO - [2025-05-06T09:11:39.405+0000] {dag.py:2915} INFO - Sync 1 DAGs
[2025-05-06T09:11:39.415+0000] {logging_mixin.py:151} INFO - [2025-05-06T09:11:39.415+0000] {dag.py:3696} INFO - Setting next_dagrun for example_etl_dag to None, run_after=None
[2025-05-06T09:11:39.430+0000] {processor.py:179} INFO - Processing /opt/airflow/dags/example_etl_dag.py took 0.098 seconds
[2025-05-06T09:12:09.738+0000] {processor.py:157} INFO - Started process (PID=1853) to work on /opt/airflow/dags/example_etl_dag.py
[2025-05-06T09:12:09.740+0000] {processor.py:829} INFO - Processing file /opt/airflow/dags/example_etl_dag.py for tasks to queue
[2025-05-06T09:12:09.741+0000] {logging_mixin.py:151} INFO - [2025-05-06T09:12:09.741+0000] {dagbag.py:539} INFO - Filling up the DagBag from /opt/airflow/dags/example_etl_dag.py
[2025-05-06T09:12:09.755+0000] {processor.py:839} INFO - DAG(s) dict_keys(['example_etl_dag']) retrieved from /opt/airflow/dags/example_etl_dag.py
[2025-05-06T09:12:09.779+0000] {logging_mixin.py:151} INFO - [2025-05-06T09:12:09.779+0000] {dag.py:2915} INFO - Sync 1 DAGs
[2025-05-06T09:12:09.790+0000] {logging_mixin.py:151} INFO - [2025-05-06T09:12:09.789+0000] {dag.py:3696} INFO - Setting next_dagrun for example_etl_dag to None, run_after=None
[2025-05-06T09:12:09.804+0000] {processor.py:179} INFO - Processing /opt/airflow/dags/example_etl_dag.py took 0.071 seconds
[2025-05-06T09:12:40.034+0000] {processor.py:157} INFO - Started process (PID=1897) to work on /opt/airflow/dags/example_etl_dag.py
[2025-05-06T09:12:40.035+0000] {processor.py:829} INFO - Processing file /opt/airflow/dags/example_etl_dag.py for tasks to queue
[2025-05-06T09:12:40.036+0000] {logging_mixin.py:151} INFO - [2025-05-06T09:12:40.036+0000] {dagbag.py:539} INFO - Filling up the DagBag from /opt/airflow/dags/example_etl_dag.py
[2025-05-06T09:12:40.045+0000] {processor.py:839} INFO - DAG(s) dict_keys(['example_etl_dag']) retrieved from /opt/airflow/dags/example_etl_dag.py
[2025-05-06T09:12:40.068+0000] {logging_mixin.py:151} INFO - [2025-05-06T09:12:40.068+0000] {dag.py:2915} INFO - Sync 1 DAGs
[2025-05-06T09:12:40.083+0000] {logging_mixin.py:151} INFO - [2025-05-06T09:12:40.083+0000] {dag.py:3696} INFO - Setting next_dagrun for example_etl_dag to None, run_after=None
[2025-05-06T09:12:40.101+0000] {processor.py:179} INFO - Processing /opt/airflow/dags/example_etl_dag.py took 0.069 seconds
[2025-05-06T09:13:10.365+0000] {processor.py:157} INFO - Started process (PID=1933) to work on /opt/airflow/dags/example_etl_dag.py
[2025-05-06T09:13:10.367+0000] {processor.py:829} INFO - Processing file /opt/airflow/dags/example_etl_dag.py for tasks to queue
[2025-05-06T09:13:10.367+0000] {logging_mixin.py:151} INFO - [2025-05-06T09:13:10.367+0000] {dagbag.py:539} INFO - Filling up the DagBag from /opt/airflow/dags/example_etl_dag.py
[2025-05-06T09:13:10.374+0000] {processor.py:839} INFO - DAG(s) dict_keys(['example_etl_dag']) retrieved from /opt/airflow/dags/example_etl_dag.py
[2025-05-06T09:13:10.393+0000] {logging_mixin.py:151} INFO - [2025-05-06T09:13:10.392+0000] {dag.py:2915} INFO - Sync 1 DAGs
[2025-05-06T09:13:10.402+0000] {logging_mixin.py:151} INFO - [2025-05-06T09:13:10.402+0000] {dag.py:3696} INFO - Setting next_dagrun for example_etl_dag to None, run_after=None
[2025-05-06T09:13:10.417+0000] {processor.py:179} INFO - Processing /opt/airflow/dags/example_etl_dag.py took 0.054 seconds
[2025-05-06T09:13:40.720+0000] {processor.py:157} INFO - Started process (PID=1977) to work on /opt/airflow/dags/example_etl_dag.py
[2025-05-06T09:13:40.722+0000] {processor.py:829} INFO - Processing file /opt/airflow/dags/example_etl_dag.py for tasks to queue
[2025-05-06T09:13:40.723+0000] {logging_mixin.py:151} INFO - [2025-05-06T09:13:40.723+0000] {dagbag.py:539} INFO - Filling up the DagBag from /opt/airflow/dags/example_etl_dag.py
[2025-05-06T09:13:40.735+0000] {processor.py:839} INFO - DAG(s) dict_keys(['example_etl_dag']) retrieved from /opt/airflow/dags/example_etl_dag.py
[2025-05-06T09:13:40.759+0000] {logging_mixin.py:151} INFO - [2025-05-06T09:13:40.759+0000] {dag.py:2915} INFO - Sync 1 DAGs
[2025-05-06T09:13:40.770+0000] {logging_mixin.py:151} INFO - [2025-05-06T09:13:40.770+0000] {dag.py:3696} INFO - Setting next_dagrun for example_etl_dag to None, run_after=None
[2025-05-06T09:13:40.785+0000] {processor.py:179} INFO - Processing /opt/airflow/dags/example_etl_dag.py took 0.070 seconds
[2025-05-06T09:14:11.010+0000] {processor.py:157} INFO - Started process (PID=2013) to work on /opt/airflow/dags/example_etl_dag.py
[2025-05-06T09:14:11.012+0000] {processor.py:829} INFO - Processing file /opt/airflow/dags/example_etl_dag.py for tasks to queue
[2025-05-06T09:14:11.013+0000] {logging_mixin.py:151} INFO - [2025-05-06T09:14:11.013+0000] {dagbag.py:539} INFO - Filling up the DagBag from /opt/airflow/dags/example_etl_dag.py
[2025-05-06T09:14:11.024+0000] {processor.py:839} INFO - DAG(s) dict_keys(['example_etl_dag']) retrieved from /opt/airflow/dags/example_etl_dag.py
[2025-05-06T09:14:11.058+0000] {logging_mixin.py:151} INFO - [2025-05-06T09:14:11.058+0000] {dag.py:2915} INFO - Sync 1 DAGs
[2025-05-06T09:14:11.073+0000] {logging_mixin.py:151} INFO - [2025-05-06T09:14:11.073+0000] {dag.py:3696} INFO - Setting next_dagrun for example_etl_dag to None, run_after=None
[2025-05-06T09:14:11.095+0000] {processor.py:179} INFO - Processing /opt/airflow/dags/example_etl_dag.py took 0.088 seconds
[2025-05-06T09:14:41.372+0000] {processor.py:157} INFO - Started process (PID=2058) to work on /opt/airflow/dags/example_etl_dag.py
[2025-05-06T09:14:41.375+0000] {processor.py:829} INFO - Processing file /opt/airflow/dags/example_etl_dag.py for tasks to queue
[2025-05-06T09:14:41.377+0000] {logging_mixin.py:151} INFO - [2025-05-06T09:14:41.376+0000] {dagbag.py:539} INFO - Filling up the DagBag from /opt/airflow/dags/example_etl_dag.py
[2025-05-06T09:14:41.396+0000] {processor.py:839} INFO - DAG(s) dict_keys(['example_etl_dag']) retrieved from /opt/airflow/dags/example_etl_dag.py
[2025-05-06T09:14:41.421+0000] {logging_mixin.py:151} INFO - [2025-05-06T09:14:41.421+0000] {dag.py:2915} INFO - Sync 1 DAGs
[2025-05-06T09:14:41.431+0000] {logging_mixin.py:151} INFO - [2025-05-06T09:14:41.431+0000] {dag.py:3696} INFO - Setting next_dagrun for example_etl_dag to None, run_after=None
[2025-05-06T09:14:41.448+0000] {processor.py:179} INFO - Processing /opt/airflow/dags/example_etl_dag.py took 0.083 seconds
[2025-05-06T09:15:11.781+0000] {processor.py:157} INFO - Started process (PID=2094) to work on /opt/airflow/dags/example_etl_dag.py
[2025-05-06T09:15:11.783+0000] {processor.py:829} INFO - Processing file /opt/airflow/dags/example_etl_dag.py for tasks to queue
[2025-05-06T09:15:11.784+0000] {logging_mixin.py:151} INFO - [2025-05-06T09:15:11.784+0000] {dagbag.py:539} INFO - Filling up the DagBag from /opt/airflow/dags/example_etl_dag.py
[2025-05-06T09:15:11.795+0000] {processor.py:839} INFO - DAG(s) dict_keys(['example_etl_dag']) retrieved from /opt/airflow/dags/example_etl_dag.py
[2025-05-06T09:15:11.820+0000] {logging_mixin.py:151} INFO - [2025-05-06T09:15:11.820+0000] {dag.py:2915} INFO - Sync 1 DAGs
[2025-05-06T09:15:11.833+0000] {logging_mixin.py:151} INFO - [2025-05-06T09:15:11.832+0000] {dag.py:3696} INFO - Setting next_dagrun for example_etl_dag to None, run_after=None
[2025-05-06T09:15:11.857+0000] {processor.py:179} INFO - Processing /opt/airflow/dags/example_etl_dag.py took 0.080 seconds
[2025-05-06T09:15:42.130+0000] {processor.py:157} INFO - Started process (PID=2138) to work on /opt/airflow/dags/example_etl_dag.py
[2025-05-06T09:15:42.132+0000] {processor.py:829} INFO - Processing file /opt/airflow/dags/example_etl_dag.py for tasks to queue
[2025-05-06T09:15:42.133+0000] {logging_mixin.py:151} INFO - [2025-05-06T09:15:42.132+0000] {dagbag.py:539} INFO - Filling up the DagBag from /opt/airflow/dags/example_etl_dag.py
[2025-05-06T09:15:42.142+0000] {processor.py:839} INFO - DAG(s) dict_keys(['example_etl_dag']) retrieved from /opt/airflow/dags/example_etl_dag.py
[2025-05-06T09:15:42.170+0000] {logging_mixin.py:151} INFO - [2025-05-06T09:15:42.170+0000] {dag.py:2915} INFO - Sync 1 DAGs
[2025-05-06T09:15:42.183+0000] {logging_mixin.py:151} INFO - [2025-05-06T09:15:42.182+0000] {dag.py:3696} INFO - Setting next_dagrun for example_etl_dag to None, run_after=None
[2025-05-06T09:15:42.200+0000] {processor.py:179} INFO - Processing /opt/airflow/dags/example_etl_dag.py took 0.073 seconds
[2025-05-06T09:16:12.508+0000] {processor.py:157} INFO - Started process (PID=2174) to work on /opt/airflow/dags/example_etl_dag.py
[2025-05-06T09:16:12.510+0000] {processor.py:829} INFO - Processing file /opt/airflow/dags/example_etl_dag.py for tasks to queue
[2025-05-06T09:16:12.511+0000] {logging_mixin.py:151} INFO - [2025-05-06T09:16:12.510+0000] {dagbag.py:539} INFO - Filling up the DagBag from /opt/airflow/dags/example_etl_dag.py
[2025-05-06T09:16:12.522+0000] {processor.py:839} INFO - DAG(s) dict_keys(['example_etl_dag']) retrieved from /opt/airflow/dags/example_etl_dag.py
[2025-05-06T09:16:12.554+0000] {logging_mixin.py:151} INFO - [2025-05-06T09:16:12.553+0000] {dag.py:2915} INFO - Sync 1 DAGs
[2025-05-06T09:16:12.569+0000] {logging_mixin.py:151} INFO - [2025-05-06T09:16:12.569+0000] {dag.py:3696} INFO - Setting next_dagrun for example_etl_dag to None, run_after=None
[2025-05-06T09:16:12.591+0000] {processor.py:179} INFO - Processing /opt/airflow/dags/example_etl_dag.py took 0.086 seconds
[2025-05-06T09:16:42.918+0000] {processor.py:157} INFO - Started process (PID=2218) to work on /opt/airflow/dags/example_etl_dag.py
[2025-05-06T09:16:42.921+0000] {processor.py:829} INFO - Processing file /opt/airflow/dags/example_etl_dag.py for tasks to queue
[2025-05-06T09:16:42.923+0000] {logging_mixin.py:151} INFO - [2025-05-06T09:16:42.923+0000] {dagbag.py:539} INFO - Filling up the DagBag from /opt/airflow/dags/example_etl_dag.py
[2025-05-06T09:16:42.940+0000] {processor.py:839} INFO - DAG(s) dict_keys(['example_etl_dag']) retrieved from /opt/airflow/dags/example_etl_dag.py
[2025-05-06T09:16:42.966+0000] {logging_mixin.py:151} INFO - [2025-05-06T09:16:42.965+0000] {dag.py:2915} INFO - Sync 1 DAGs
[2025-05-06T09:16:42.977+0000] {logging_mixin.py:151} INFO - [2025-05-06T09:16:42.977+0000] {dag.py:3696} INFO - Setting next_dagrun for example_etl_dag to None, run_after=None
[2025-05-06T09:16:42.992+0000] {processor.py:179} INFO - Processing /opt/airflow/dags/example_etl_dag.py took 0.084 seconds
[2025-05-06T09:17:13.222+0000] {processor.py:157} INFO - Started process (PID=2262) to work on /opt/airflow/dags/example_etl_dag.py
[2025-05-06T09:17:13.223+0000] {processor.py:829} INFO - Processing file /opt/airflow/dags/example_etl_dag.py for tasks to queue
[2025-05-06T09:17:13.224+0000] {logging_mixin.py:151} INFO - [2025-05-06T09:17:13.223+0000] {dagbag.py:539} INFO - Filling up the DagBag from /opt/airflow/dags/example_etl_dag.py
[2025-05-06T09:17:13.230+0000] {processor.py:839} INFO - DAG(s) dict_keys(['example_etl_dag']) retrieved from /opt/airflow/dags/example_etl_dag.py
[2025-05-06T09:17:13.253+0000] {logging_mixin.py:151} INFO - [2025-05-06T09:17:13.253+0000] {dag.py:2915} INFO - Sync 1 DAGs
[2025-05-06T09:17:13.262+0000] {logging_mixin.py:151} INFO - [2025-05-06T09:17:13.262+0000] {dag.py:3696} INFO - Setting next_dagrun for example_etl_dag to None, run_after=None
[2025-05-06T09:17:13.276+0000] {processor.py:179} INFO - Processing /opt/airflow/dags/example_etl_dag.py took 0.056 seconds
[2025-05-06T09:17:43.564+0000] {processor.py:157} INFO - Started process (PID=2297) to work on /opt/airflow/dags/example_etl_dag.py
[2025-05-06T09:17:43.566+0000] {processor.py:829} INFO - Processing file /opt/airflow/dags/example_etl_dag.py for tasks to queue
[2025-05-06T09:17:43.567+0000] {logging_mixin.py:151} INFO - [2025-05-06T09:17:43.566+0000] {dagbag.py:539} INFO - Filling up the DagBag from /opt/airflow/dags/example_etl_dag.py
[2025-05-06T09:17:43.577+0000] {processor.py:839} INFO - DAG(s) dict_keys(['example_etl_dag']) retrieved from /opt/airflow/dags/example_etl_dag.py
[2025-05-06T09:17:43.603+0000] {logging_mixin.py:151} INFO - [2025-05-06T09:17:43.603+0000] {dag.py:2915} INFO - Sync 1 DAGs
[2025-05-06T09:17:43.614+0000] {logging_mixin.py:151} INFO - [2025-05-06T09:17:43.614+0000] {dag.py:3696} INFO - Setting next_dagrun for example_etl_dag to None, run_after=None
[2025-05-06T09:17:43.631+0000] {processor.py:179} INFO - Processing /opt/airflow/dags/example_etl_dag.py took 0.070 seconds
[2025-05-06T09:18:13.852+0000] {processor.py:157} INFO - Started process (PID=2341) to work on /opt/airflow/dags/example_etl_dag.py
[2025-05-06T09:18:13.853+0000] {processor.py:829} INFO - Processing file /opt/airflow/dags/example_etl_dag.py for tasks to queue
[2025-05-06T09:18:13.854+0000] {logging_mixin.py:151} INFO - [2025-05-06T09:18:13.854+0000] {dagbag.py:539} INFO - Filling up the DagBag from /opt/airflow/dags/example_etl_dag.py
[2025-05-06T09:18:13.862+0000] {processor.py:839} INFO - DAG(s) dict_keys(['example_etl_dag']) retrieved from /opt/airflow/dags/example_etl_dag.py
[2025-05-06T09:18:13.887+0000] {logging_mixin.py:151} INFO - [2025-05-06T09:18:13.887+0000] {dag.py:2915} INFO - Sync 1 DAGs
[2025-05-06T09:18:13.900+0000] {logging_mixin.py:151} INFO - [2025-05-06T09:18:13.900+0000] {dag.py:3696} INFO - Setting next_dagrun for example_etl_dag to None, run_after=None
[2025-05-06T09:18:13.920+0000] {processor.py:179} INFO - Processing /opt/airflow/dags/example_etl_dag.py took 0.071 seconds
[2025-05-06T09:18:44.126+0000] {processor.py:157} INFO - Started process (PID=2377) to work on /opt/airflow/dags/example_etl_dag.py
[2025-05-06T09:18:44.128+0000] {processor.py:829} INFO - Processing file /opt/airflow/dags/example_etl_dag.py for tasks to queue
[2025-05-06T09:18:44.129+0000] {logging_mixin.py:151} INFO - [2025-05-06T09:18:44.128+0000] {dagbag.py:539} INFO - Filling up the DagBag from /opt/airflow/dags/example_etl_dag.py
[2025-05-06T09:18:44.141+0000] {processor.py:839} INFO - DAG(s) dict_keys(['example_etl_dag']) retrieved from /opt/airflow/dags/example_etl_dag.py
[2025-05-06T09:18:44.172+0000] {logging_mixin.py:151} INFO - [2025-05-06T09:18:44.172+0000] {dag.py:2915} INFO - Sync 1 DAGs
[2025-05-06T09:18:44.186+0000] {logging_mixin.py:151} INFO - [2025-05-06T09:18:44.186+0000] {dag.py:3696} INFO - Setting next_dagrun for example_etl_dag to None, run_after=None
[2025-05-06T09:18:44.210+0000] {processor.py:179} INFO - Processing /opt/airflow/dags/example_etl_dag.py took 0.088 seconds
[2025-05-06T09:19:14.474+0000] {processor.py:157} INFO - Started process (PID=2421) to work on /opt/airflow/dags/example_etl_dag.py
[2025-05-06T09:19:14.476+0000] {processor.py:829} INFO - Processing file /opt/airflow/dags/example_etl_dag.py for tasks to queue
[2025-05-06T09:19:14.477+0000] {logging_mixin.py:151} INFO - [2025-05-06T09:19:14.477+0000] {dagbag.py:539} INFO - Filling up the DagBag from /opt/airflow/dags/example_etl_dag.py
[2025-05-06T09:19:14.487+0000] {processor.py:839} INFO - DAG(s) dict_keys(['example_etl_dag']) retrieved from /opt/airflow/dags/example_etl_dag.py
[2025-05-06T09:19:14.513+0000] {logging_mixin.py:151} INFO - [2025-05-06T09:19:14.512+0000] {dag.py:2915} INFO - Sync 1 DAGs
[2025-05-06T09:19:14.525+0000] {logging_mixin.py:151} INFO - [2025-05-06T09:19:14.524+0000] {dag.py:3696} INFO - Setting next_dagrun for example_etl_dag to None, run_after=None
[2025-05-06T09:19:14.541+0000] {processor.py:179} INFO - Processing /opt/airflow/dags/example_etl_dag.py took 0.069 seconds
[2025-05-06T09:19:44.825+0000] {processor.py:157} INFO - Started process (PID=2456) to work on /opt/airflow/dags/example_etl_dag.py
[2025-05-06T09:19:44.827+0000] {processor.py:829} INFO - Processing file /opt/airflow/dags/example_etl_dag.py for tasks to queue
[2025-05-06T09:19:44.828+0000] {logging_mixin.py:151} INFO - [2025-05-06T09:19:44.828+0000] {dagbag.py:539} INFO - Filling up the DagBag from /opt/airflow/dags/example_etl_dag.py
[2025-05-06T09:19:44.838+0000] {processor.py:839} INFO - DAG(s) dict_keys(['example_etl_dag']) retrieved from /opt/airflow/dags/example_etl_dag.py
[2025-05-06T09:19:44.862+0000] {logging_mixin.py:151} INFO - [2025-05-06T09:19:44.862+0000] {dag.py:2915} INFO - Sync 1 DAGs
[2025-05-06T09:19:44.873+0000] {logging_mixin.py:151} INFO - [2025-05-06T09:19:44.873+0000] {dag.py:3696} INFO - Setting next_dagrun for example_etl_dag to None, run_after=None
[2025-05-06T09:19:44.890+0000] {processor.py:179} INFO - Processing /opt/airflow/dags/example_etl_dag.py took 0.068 seconds
[2025-05-06T09:20:15.216+0000] {processor.py:157} INFO - Started process (PID=2500) to work on /opt/airflow/dags/example_etl_dag.py
[2025-05-06T09:20:15.218+0000] {processor.py:829} INFO - Processing file /opt/airflow/dags/example_etl_dag.py for tasks to queue
[2025-05-06T09:20:15.218+0000] {logging_mixin.py:151} INFO - [2025-05-06T09:20:15.218+0000] {dagbag.py:539} INFO - Filling up the DagBag from /opt/airflow/dags/example_etl_dag.py
[2025-05-06T09:20:15.229+0000] {processor.py:839} INFO - DAG(s) dict_keys(['example_etl_dag']) retrieved from /opt/airflow/dags/example_etl_dag.py
[2025-05-06T09:20:15.259+0000] {logging_mixin.py:151} INFO - [2025-05-06T09:20:15.259+0000] {dag.py:2915} INFO - Sync 1 DAGs
[2025-05-06T09:20:15.274+0000] {logging_mixin.py:151} INFO - [2025-05-06T09:20:15.274+0000] {dag.py:3696} INFO - Setting next_dagrun for example_etl_dag to None, run_after=None
[2025-05-06T09:20:15.297+0000] {processor.py:179} INFO - Processing /opt/airflow/dags/example_etl_dag.py took 0.084 seconds
[2025-05-06T09:20:45.628+0000] {processor.py:157} INFO - Started process (PID=2536) to work on /opt/airflow/dags/example_etl_dag.py
[2025-05-06T09:20:45.631+0000] {processor.py:829} INFO - Processing file /opt/airflow/dags/example_etl_dag.py for tasks to queue
[2025-05-06T09:20:45.633+0000] {logging_mixin.py:151} INFO - [2025-05-06T09:20:45.633+0000] {dagbag.py:539} INFO - Filling up the DagBag from /opt/airflow/dags/example_etl_dag.py
[2025-05-06T09:20:45.647+0000] {processor.py:839} INFO - DAG(s) dict_keys(['example_etl_dag']) retrieved from /opt/airflow/dags/example_etl_dag.py
[2025-05-06T09:20:45.672+0000] {logging_mixin.py:151} INFO - [2025-05-06T09:20:45.672+0000] {dag.py:2915} INFO - Sync 1 DAGs
[2025-05-06T09:20:45.683+0000] {logging_mixin.py:151} INFO - [2025-05-06T09:20:45.682+0000] {dag.py:3696} INFO - Setting next_dagrun for example_etl_dag to None, run_after=None
[2025-05-06T09:20:45.699+0000] {processor.py:179} INFO - Processing /opt/airflow/dags/example_etl_dag.py took 0.081 seconds
[2025-05-06T09:21:15.957+0000] {processor.py:157} INFO - Started process (PID=2580) to work on /opt/airflow/dags/example_etl_dag.py
[2025-05-06T09:21:15.959+0000] {processor.py:829} INFO - Processing file /opt/airflow/dags/example_etl_dag.py for tasks to queue
[2025-05-06T09:21:15.960+0000] {logging_mixin.py:151} INFO - [2025-05-06T09:21:15.960+0000] {dagbag.py:539} INFO - Filling up the DagBag from /opt/airflow/dags/example_etl_dag.py
[2025-05-06T09:21:15.970+0000] {processor.py:839} INFO - DAG(s) dict_keys(['example_etl_dag']) retrieved from /opt/airflow/dags/example_etl_dag.py
[2025-05-06T09:21:15.995+0000] {logging_mixin.py:151} INFO - [2025-05-06T09:21:15.995+0000] {dag.py:2915} INFO - Sync 1 DAGs
[2025-05-06T09:21:16.007+0000] {logging_mixin.py:151} INFO - [2025-05-06T09:21:16.007+0000] {dag.py:3696} INFO - Setting next_dagrun for example_etl_dag to None, run_after=None
[2025-05-06T09:21:16.025+0000] {processor.py:179} INFO - Processing /opt/airflow/dags/example_etl_dag.py took 0.071 seconds
[2025-05-06T09:21:46.322+0000] {processor.py:157} INFO - Started process (PID=2624) to work on /opt/airflow/dags/example_etl_dag.py
[2025-05-06T09:21:46.324+0000] {processor.py:829} INFO - Processing file /opt/airflow/dags/example_etl_dag.py for tasks to queue
[2025-05-06T09:21:46.324+0000] {logging_mixin.py:151} INFO - [2025-05-06T09:21:46.324+0000] {dagbag.py:539} INFO - Filling up the DagBag from /opt/airflow/dags/example_etl_dag.py
[2025-05-06T09:21:46.332+0000] {processor.py:839} INFO - DAG(s) dict_keys(['example_etl_dag']) retrieved from /opt/airflow/dags/example_etl_dag.py
[2025-05-06T09:21:46.353+0000] {logging_mixin.py:151} INFO - [2025-05-06T09:21:46.353+0000] {dag.py:2915} INFO - Sync 1 DAGs
[2025-05-06T09:21:46.363+0000] {logging_mixin.py:151} INFO - [2025-05-06T09:21:46.363+0000] {dag.py:3696} INFO - Setting next_dagrun for example_etl_dag to None, run_after=None
[2025-05-06T09:21:46.386+0000] {processor.py:179} INFO - Processing /opt/airflow/dags/example_etl_dag.py took 0.066 seconds
[2025-05-06T09:22:16.720+0000] {processor.py:157} INFO - Started process (PID=2660) to work on /opt/airflow/dags/example_etl_dag.py
[2025-05-06T09:22:16.723+0000] {processor.py:829} INFO - Processing file /opt/airflow/dags/example_etl_dag.py for tasks to queue
[2025-05-06T09:22:16.725+0000] {logging_mixin.py:151} INFO - [2025-05-06T09:22:16.724+0000] {dagbag.py:539} INFO - Filling up the DagBag from /opt/airflow/dags/example_etl_dag.py
[2025-05-06T09:22:16.743+0000] {processor.py:839} INFO - DAG(s) dict_keys(['example_etl_dag']) retrieved from /opt/airflow/dags/example_etl_dag.py
[2025-05-06T09:22:16.769+0000] {logging_mixin.py:151} INFO - [2025-05-06T09:22:16.769+0000] {dag.py:2915} INFO - Sync 1 DAGs
[2025-05-06T09:22:16.780+0000] {logging_mixin.py:151} INFO - [2025-05-06T09:22:16.780+0000] {dag.py:3696} INFO - Setting next_dagrun for example_etl_dag to None, run_after=None
[2025-05-06T09:22:16.808+0000] {processor.py:179} INFO - Processing /opt/airflow/dags/example_etl_dag.py took 0.095 seconds
[2025-05-06T09:22:47.073+0000] {processor.py:157} INFO - Started process (PID=2704) to work on /opt/airflow/dags/example_etl_dag.py
[2025-05-06T09:22:47.076+0000] {processor.py:829} INFO - Processing file /opt/airflow/dags/example_etl_dag.py for tasks to queue
[2025-05-06T09:22:47.079+0000] {logging_mixin.py:151} INFO - [2025-05-06T09:22:47.078+0000] {dagbag.py:539} INFO - Filling up the DagBag from /opt/airflow/dags/example_etl_dag.py
[2025-05-06T09:22:47.104+0000] {processor.py:839} INFO - DAG(s) dict_keys(['example_etl_dag']) retrieved from /opt/airflow/dags/example_etl_dag.py
[2025-05-06T09:22:47.130+0000] {logging_mixin.py:151} INFO - [2025-05-06T09:22:47.129+0000] {dag.py:2915} INFO - Sync 1 DAGs
[2025-05-06T09:22:47.140+0000] {logging_mixin.py:151} INFO - [2025-05-06T09:22:47.139+0000] {dag.py:3696} INFO - Setting next_dagrun for example_etl_dag to None, run_after=None
[2025-05-06T09:22:47.156+0000] {processor.py:179} INFO - Processing /opt/airflow/dags/example_etl_dag.py took 0.092 seconds
[2025-05-06T09:23:17.459+0000] {processor.py:157} INFO - Started process (PID=2740) to work on /opt/airflow/dags/example_etl_dag.py
[2025-05-06T09:23:17.461+0000] {processor.py:829} INFO - Processing file /opt/airflow/dags/example_etl_dag.py for tasks to queue
[2025-05-06T09:23:17.464+0000] {logging_mixin.py:151} INFO - [2025-05-06T09:23:17.463+0000] {dagbag.py:539} INFO - Filling up the DagBag from /opt/airflow/dags/example_etl_dag.py
[2025-05-06T09:23:17.486+0000] {processor.py:839} INFO - DAG(s) dict_keys(['example_etl_dag']) retrieved from /opt/airflow/dags/example_etl_dag.py
[2025-05-06T09:23:17.514+0000] {logging_mixin.py:151} INFO - [2025-05-06T09:23:17.514+0000] {dag.py:2915} INFO - Sync 1 DAGs
[2025-05-06T09:23:17.526+0000] {logging_mixin.py:151} INFO - [2025-05-06T09:23:17.526+0000] {dag.py:3696} INFO - Setting next_dagrun for example_etl_dag to None, run_after=None
[2025-05-06T09:23:17.544+0000] {processor.py:179} INFO - Processing /opt/airflow/dags/example_etl_dag.py took 0.090 seconds
[2025-05-06T09:23:47.785+0000] {processor.py:157} INFO - Started process (PID=2784) to work on /opt/airflow/dags/example_etl_dag.py
[2025-05-06T09:23:47.787+0000] {processor.py:829} INFO - Processing file /opt/airflow/dags/example_etl_dag.py for tasks to queue
[2025-05-06T09:23:47.788+0000] {logging_mixin.py:151} INFO - [2025-05-06T09:23:47.788+0000] {dagbag.py:539} INFO - Filling up the DagBag from /opt/airflow/dags/example_etl_dag.py
[2025-05-06T09:23:47.796+0000] {processor.py:839} INFO - DAG(s) dict_keys(['example_etl_dag']) retrieved from /opt/airflow/dags/example_etl_dag.py
[2025-05-06T09:23:47.820+0000] {logging_mixin.py:151} INFO - [2025-05-06T09:23:47.820+0000] {dag.py:2915} INFO - Sync 1 DAGs
[2025-05-06T09:23:47.831+0000] {logging_mixin.py:151} INFO - [2025-05-06T09:23:47.831+0000] {dag.py:3696} INFO - Setting next_dagrun for example_etl_dag to None, run_after=None
[2025-05-06T09:23:47.847+0000] {processor.py:179} INFO - Processing /opt/airflow/dags/example_etl_dag.py took 0.065 seconds
[2025-05-06T09:24:18.076+0000] {processor.py:157} INFO - Started process (PID=2819) to work on /opt/airflow/dags/example_etl_dag.py
[2025-05-06T09:24:18.077+0000] {processor.py:829} INFO - Processing file /opt/airflow/dags/example_etl_dag.py for tasks to queue
[2025-05-06T09:24:18.078+0000] {logging_mixin.py:151} INFO - [2025-05-06T09:24:18.078+0000] {dagbag.py:539} INFO - Filling up the DagBag from /opt/airflow/dags/example_etl_dag.py
[2025-05-06T09:24:18.087+0000] {processor.py:839} INFO - DAG(s) dict_keys(['example_etl_dag']) retrieved from /opt/airflow/dags/example_etl_dag.py
[2025-05-06T09:24:18.117+0000] {logging_mixin.py:151} INFO - [2025-05-06T09:24:18.116+0000] {dag.py:2915} INFO - Sync 1 DAGs
[2025-05-06T09:24:18.132+0000] {logging_mixin.py:151} INFO - [2025-05-06T09:24:18.132+0000] {dag.py:3696} INFO - Setting next_dagrun for example_etl_dag to None, run_after=None
[2025-05-06T09:24:18.154+0000] {processor.py:179} INFO - Processing /opt/airflow/dags/example_etl_dag.py took 0.081 seconds
[2025-05-06T09:24:48.453+0000] {processor.py:157} INFO - Started process (PID=2863) to work on /opt/airflow/dags/example_etl_dag.py
[2025-05-06T09:24:48.456+0000] {processor.py:829} INFO - Processing file /opt/airflow/dags/example_etl_dag.py for tasks to queue
[2025-05-06T09:24:48.457+0000] {logging_mixin.py:151} INFO - [2025-05-06T09:24:48.457+0000] {dagbag.py:539} INFO - Filling up the DagBag from /opt/airflow/dags/example_etl_dag.py
[2025-05-06T09:24:48.474+0000] {processor.py:839} INFO - DAG(s) dict_keys(['example_etl_dag']) retrieved from /opt/airflow/dags/example_etl_dag.py
[2025-05-06T09:24:48.501+0000] {logging_mixin.py:151} INFO - [2025-05-06T09:24:48.500+0000] {dag.py:2915} INFO - Sync 1 DAGs
[2025-05-06T09:24:48.512+0000] {logging_mixin.py:151} INFO - [2025-05-06T09:24:48.512+0000] {dag.py:3696} INFO - Setting next_dagrun for example_etl_dag to None, run_after=None
[2025-05-06T09:24:48.533+0000] {processor.py:179} INFO - Processing /opt/airflow/dags/example_etl_dag.py took 0.086 seconds
[2025-05-06T09:25:18.819+0000] {processor.py:157} INFO - Started process (PID=2911) to work on /opt/airflow/dags/example_etl_dag.py
[2025-05-06T09:25:18.820+0000] {processor.py:829} INFO - Processing file /opt/airflow/dags/example_etl_dag.py for tasks to queue
[2025-05-06T09:25:18.821+0000] {logging_mixin.py:151} INFO - [2025-05-06T09:25:18.821+0000] {dagbag.py:539} INFO - Filling up the DagBag from /opt/airflow/dags/example_etl_dag.py
[2025-05-06T09:25:18.830+0000] {processor.py:839} INFO - DAG(s) dict_keys(['example_etl_dag']) retrieved from /opt/airflow/dags/example_etl_dag.py
[2025-05-06T09:25:18.852+0000] {logging_mixin.py:151} INFO - [2025-05-06T09:25:18.852+0000] {dag.py:2915} INFO - Sync 1 DAGs
[2025-05-06T09:25:18.863+0000] {logging_mixin.py:151} INFO - [2025-05-06T09:25:18.863+0000] {dag.py:3696} INFO - Setting next_dagrun for example_etl_dag to None, run_after=None
[2025-05-06T09:25:18.878+0000] {processor.py:179} INFO - Processing /opt/airflow/dags/example_etl_dag.py took 0.063 seconds
[2025-05-06T09:25:49.231+0000] {processor.py:157} INFO - Started process (PID=2952) to work on /opt/airflow/dags/example_etl_dag.py
[2025-05-06T09:25:49.233+0000] {processor.py:829} INFO - Processing file /opt/airflow/dags/example_etl_dag.py for tasks to queue
[2025-05-06T09:25:49.234+0000] {logging_mixin.py:151} INFO - [2025-05-06T09:25:49.233+0000] {dagbag.py:539} INFO - Filling up the DagBag from /opt/airflow/dags/example_etl_dag.py
[2025-05-06T09:25:49.242+0000] {processor.py:839} INFO - DAG(s) dict_keys(['example_etl_dag']) retrieved from /opt/airflow/dags/example_etl_dag.py
[2025-05-06T09:25:49.266+0000] {logging_mixin.py:151} INFO - [2025-05-06T09:25:49.266+0000] {dag.py:2915} INFO - Sync 1 DAGs
[2025-05-06T09:25:49.276+0000] {logging_mixin.py:151} INFO - [2025-05-06T09:25:49.276+0000] {dag.py:3696} INFO - Setting next_dagrun for example_etl_dag to None, run_after=None
[2025-05-06T09:25:49.291+0000] {processor.py:179} INFO - Processing /opt/airflow/dags/example_etl_dag.py took 0.063 seconds
[2025-05-06T09:26:19.495+0000] {processor.py:157} INFO - Started process (PID=3001) to work on /opt/airflow/dags/example_etl_dag.py
[2025-05-06T09:26:19.497+0000] {processor.py:829} INFO - Processing file /opt/airflow/dags/example_etl_dag.py for tasks to queue
[2025-05-06T09:26:19.499+0000] {logging_mixin.py:151} INFO - [2025-05-06T09:26:19.498+0000] {dagbag.py:539} INFO - Filling up the DagBag from /opt/airflow/dags/example_etl_dag.py
[2025-05-06T09:26:19.515+0000] {processor.py:839} INFO - DAG(s) dict_keys(['example_etl_dag']) retrieved from /opt/airflow/dags/example_etl_dag.py
[2025-05-06T09:26:19.541+0000] {logging_mixin.py:151} INFO - [2025-05-06T09:26:19.541+0000] {dag.py:2915} INFO - Sync 1 DAGs
[2025-05-06T09:26:19.552+0000] {logging_mixin.py:151} INFO - [2025-05-06T09:26:19.552+0000] {dag.py:3696} INFO - Setting next_dagrun for example_etl_dag to None, run_after=None
[2025-05-06T09:26:19.568+0000] {processor.py:179} INFO - Processing /opt/airflow/dags/example_etl_dag.py took 0.077 seconds
[2025-05-06T09:26:49.925+0000] {processor.py:157} INFO - Started process (PID=3042) to work on /opt/airflow/dags/example_etl_dag.py
[2025-05-06T09:26:49.927+0000] {processor.py:829} INFO - Processing file /opt/airflow/dags/example_etl_dag.py for tasks to queue
[2025-05-06T09:26:49.928+0000] {logging_mixin.py:151} INFO - [2025-05-06T09:26:49.928+0000] {dagbag.py:539} INFO - Filling up the DagBag from /opt/airflow/dags/example_etl_dag.py
[2025-05-06T09:26:49.939+0000] {processor.py:839} INFO - DAG(s) dict_keys(['example_etl_dag']) retrieved from /opt/airflow/dags/example_etl_dag.py
[2025-05-06T09:26:49.965+0000] {logging_mixin.py:151} INFO - [2025-05-06T09:26:49.965+0000] {dag.py:2915} INFO - Sync 1 DAGs
[2025-05-06T09:26:49.977+0000] {logging_mixin.py:151} INFO - [2025-05-06T09:26:49.976+0000] {dag.py:3696} INFO - Setting next_dagrun for example_etl_dag to None, run_after=None
[2025-05-06T09:26:49.993+0000] {processor.py:179} INFO - Processing /opt/airflow/dags/example_etl_dag.py took 0.074 seconds
[2025-05-06T09:27:20.270+0000] {processor.py:157} INFO - Started process (PID=3091) to work on /opt/airflow/dags/example_etl_dag.py
[2025-05-06T09:27:20.272+0000] {processor.py:829} INFO - Processing file /opt/airflow/dags/example_etl_dag.py for tasks to queue
[2025-05-06T09:27:20.273+0000] {logging_mixin.py:151} INFO - [2025-05-06T09:27:20.273+0000] {dagbag.py:539} INFO - Filling up the DagBag from /opt/airflow/dags/example_etl_dag.py
[2025-05-06T09:27:20.284+0000] {processor.py:839} INFO - DAG(s) dict_keys(['example_etl_dag']) retrieved from /opt/airflow/dags/example_etl_dag.py
[2025-05-06T09:27:20.312+0000] {logging_mixin.py:151} INFO - [2025-05-06T09:27:20.312+0000] {dag.py:2915} INFO - Sync 1 DAGs
[2025-05-06T09:27:20.326+0000] {logging_mixin.py:151} INFO - [2025-05-06T09:27:20.325+0000] {dag.py:3696} INFO - Setting next_dagrun for example_etl_dag to None, run_after=None
[2025-05-06T09:27:20.348+0000] {processor.py:179} INFO - Processing /opt/airflow/dags/example_etl_dag.py took 0.081 seconds
[2025-05-06T09:27:50.647+0000] {processor.py:157} INFO - Started process (PID=3139) to work on /opt/airflow/dags/example_etl_dag.py
[2025-05-06T09:27:50.649+0000] {processor.py:829} INFO - Processing file /opt/airflow/dags/example_etl_dag.py for tasks to queue
[2025-05-06T09:27:50.650+0000] {logging_mixin.py:151} INFO - [2025-05-06T09:27:50.649+0000] {dagbag.py:539} INFO - Filling up the DagBag from /opt/airflow/dags/example_etl_dag.py
[2025-05-06T09:27:50.660+0000] {processor.py:839} INFO - DAG(s) dict_keys(['example_etl_dag']) retrieved from /opt/airflow/dags/example_etl_dag.py
[2025-05-06T09:27:50.692+0000] {logging_mixin.py:151} INFO - [2025-05-06T09:27:50.692+0000] {dag.py:2915} INFO - Sync 1 DAGs
[2025-05-06T09:27:50.706+0000] {logging_mixin.py:151} INFO - [2025-05-06T09:27:50.706+0000] {dag.py:3696} INFO - Setting next_dagrun for example_etl_dag to None, run_after=None
[2025-05-06T09:27:50.726+0000] {processor.py:179} INFO - Processing /opt/airflow/dags/example_etl_dag.py took 0.082 seconds
[2025-05-06T09:28:20.925+0000] {processor.py:157} INFO - Started process (PID=3181) to work on /opt/airflow/dags/example_etl_dag.py
[2025-05-06T09:28:20.927+0000] {processor.py:829} INFO - Processing file /opt/airflow/dags/example_etl_dag.py for tasks to queue
[2025-05-06T09:28:20.928+0000] {logging_mixin.py:151} INFO - [2025-05-06T09:28:20.928+0000] {dagbag.py:539} INFO - Filling up the DagBag from /opt/airflow/dags/example_etl_dag.py
[2025-05-06T09:28:20.940+0000] {processor.py:839} INFO - DAG(s) dict_keys(['example_etl_dag']) retrieved from /opt/airflow/dags/example_etl_dag.py
[2025-05-06T09:28:20.971+0000] {logging_mixin.py:151} INFO - [2025-05-06T09:28:20.971+0000] {dag.py:2915} INFO - Sync 1 DAGs
[2025-05-06T09:28:20.983+0000] {logging_mixin.py:151} INFO - [2025-05-06T09:28:20.983+0000] {dag.py:3696} INFO - Setting next_dagrun for example_etl_dag to None, run_after=None
[2025-05-06T09:28:21.001+0000] {processor.py:179} INFO - Processing /opt/airflow/dags/example_etl_dag.py took 0.080 seconds
[2025-05-06T09:28:51.306+0000] {processor.py:157} INFO - Started process (PID=3229) to work on /opt/airflow/dags/example_etl_dag.py
[2025-05-06T09:28:51.308+0000] {processor.py:829} INFO - Processing file /opt/airflow/dags/example_etl_dag.py for tasks to queue
[2025-05-06T09:28:51.309+0000] {logging_mixin.py:151} INFO - [2025-05-06T09:28:51.308+0000] {dagbag.py:539} INFO - Filling up the DagBag from /opt/airflow/dags/example_etl_dag.py
[2025-05-06T09:28:51.320+0000] {processor.py:839} INFO - DAG(s) dict_keys(['example_etl_dag']) retrieved from /opt/airflow/dags/example_etl_dag.py
[2025-05-06T09:28:51.350+0000] {logging_mixin.py:151} INFO - [2025-05-06T09:28:51.350+0000] {dag.py:2915} INFO - Sync 1 DAGs
[2025-05-06T09:28:51.364+0000] {logging_mixin.py:151} INFO - [2025-05-06T09:28:51.363+0000] {dag.py:3696} INFO - Setting next_dagrun for example_etl_dag to None, run_after=None
[2025-05-06T09:28:51.381+0000] {processor.py:179} INFO - Processing /opt/airflow/dags/example_etl_dag.py took 0.078 seconds
[2025-05-06T09:29:21.593+0000] {processor.py:157} INFO - Started process (PID=3270) to work on /opt/airflow/dags/example_etl_dag.py
[2025-05-06T09:29:21.595+0000] {processor.py:829} INFO - Processing file /opt/airflow/dags/example_etl_dag.py for tasks to queue
[2025-05-06T09:29:21.595+0000] {logging_mixin.py:151} INFO - [2025-05-06T09:29:21.595+0000] {dagbag.py:539} INFO - Filling up the DagBag from /opt/airflow/dags/example_etl_dag.py
[2025-05-06T09:29:21.605+0000] {processor.py:839} INFO - DAG(s) dict_keys(['example_etl_dag']) retrieved from /opt/airflow/dags/example_etl_dag.py
[2025-05-06T09:29:21.632+0000] {logging_mixin.py:151} INFO - [2025-05-06T09:29:21.632+0000] {dag.py:2915} INFO - Sync 1 DAGs
[2025-05-06T09:29:21.647+0000] {logging_mixin.py:151} INFO - [2025-05-06T09:29:21.647+0000] {dag.py:3696} INFO - Setting next_dagrun for example_etl_dag to None, run_after=None
[2025-05-06T09:29:21.666+0000] {processor.py:179} INFO - Processing /opt/airflow/dags/example_etl_dag.py took 0.076 seconds
[2025-05-06T09:29:51.958+0000] {processor.py:157} INFO - Started process (PID=3319) to work on /opt/airflow/dags/example_etl_dag.py
[2025-05-06T09:29:51.959+0000] {processor.py:829} INFO - Processing file /opt/airflow/dags/example_etl_dag.py for tasks to queue
[2025-05-06T09:29:51.960+0000] {logging_mixin.py:151} INFO - [2025-05-06T09:29:51.960+0000] {dagbag.py:539} INFO - Filling up the DagBag from /opt/airflow/dags/example_etl_dag.py
[2025-05-06T09:29:51.970+0000] {processor.py:839} INFO - DAG(s) dict_keys(['example_etl_dag']) retrieved from /opt/airflow/dags/example_etl_dag.py
[2025-05-06T09:29:51.994+0000] {logging_mixin.py:151} INFO - [2025-05-06T09:29:51.994+0000] {dag.py:2915} INFO - Sync 1 DAGs
[2025-05-06T09:29:52.005+0000] {logging_mixin.py:151} INFO - [2025-05-06T09:29:52.005+0000] {dag.py:3696} INFO - Setting next_dagrun for example_etl_dag to None, run_after=None
[2025-05-06T09:29:52.024+0000] {processor.py:179} INFO - Processing /opt/airflow/dags/example_etl_dag.py took 0.069 seconds
