[2025-05-06T05:23:09.193+0000] {taskinstance.py:1157} INFO - Dependencies all met for dep_context=non-requeueable deps ti=<TaskInstance: movielens_ingestion.create_hive_tables manual__2025-05-06T05:23:01.703068+00:00 [queued]>
[2025-05-06T05:23:09.205+0000] {taskinstance.py:1157} INFO - Dependencies all met for dep_context=requeueable deps ti=<TaskInstance: movielens_ingestion.create_hive_tables manual__2025-05-06T05:23:01.703068+00:00 [queued]>
[2025-05-06T05:23:09.205+0000] {taskinstance.py:1359} INFO - Starting attempt 1 of 2
[2025-05-06T05:23:09.223+0000] {taskinstance.py:1380} INFO - Executing <Task(PythonOperator): create_hive_tables> on 2025-05-06 05:23:01.703068+00:00
[2025-05-06T05:23:09.230+0000] {standard_task_runner.py:57} INFO - Started process 2699 to run task
[2025-05-06T05:23:09.234+0000] {standard_task_runner.py:84} INFO - Running: ['***', 'tasks', 'run', 'movielens_ingestion', 'create_hive_tables', 'manual__2025-05-06T05:23:01.703068+00:00', '--job-id', '86', '--raw', '--subdir', 'DAGS_FOLDER/movielens_ingestion.py', '--cfg-path', '/tmp/tmp7pbu7egt']
[2025-05-06T05:23:09.236+0000] {standard_task_runner.py:85} INFO - Job 86: Subtask create_hive_tables
[2025-05-06T05:23:09.253+0000] {logging_mixin.py:151} WARNING - /home/***/.local/lib/python3.8/site-packages/***/settings.py:195 DeprecationWarning: The sql_alchemy_conn option in [core] has been moved to the sql_alchemy_conn option in [database] - the old setting has been used, but please update your config.
[2025-05-06T05:23:09.307+0000] {task_command.py:415} INFO - Running <TaskInstance: movielens_ingestion.create_hive_tables manual__2025-05-06T05:23:01.703068+00:00 [running]> on host 7cfed5a894a5
[2025-05-06T05:23:09.505+0000] {taskinstance.py:1660} INFO - Exporting env vars: AIRFLOW_CTX_DAG_OWNER='***' AIRFLOW_CTX_DAG_ID='movielens_ingestion' AIRFLOW_CTX_TASK_ID='create_hive_tables' AIRFLOW_CTX_EXECUTION_DATE='2025-05-06T05:23:01.703068+00:00' AIRFLOW_CTX_TRY_NUMBER='1' AIRFLOW_CTX_DAG_RUN_ID='manual__2025-05-06T05:23:01.703068+00:00'
[2025-05-06T05:23:09.530+0000] {base.py:73} INFO - Using connection ID 'hiveserver2_default' for task execution.
[2025-05-06T05:23:09.577+0000] {TSocket.py:142} INFO - Could not connect to ('::1', 10000, 0, 0)
Traceback (most recent call last):
  File "/home/airflow/.local/lib/python3.8/site-packages/thrift/transport/TSocket.py", line 137, in open
    handle.connect(sockaddr)
ConnectionRefusedError: [Errno 111] Connection refused
[2025-05-06T05:23:09.580+0000] {TSocket.py:142} INFO - Could not connect to ('127.0.0.1', 10000)
Traceback (most recent call last):
  File "/home/airflow/.local/lib/python3.8/site-packages/thrift/transport/TSocket.py", line 137, in open
    handle.connect(sockaddr)
ConnectionRefusedError: [Errno 111] Connection refused
[2025-05-06T05:23:09.581+0000] {TSocket.py:145} ERROR - Could not connect to any of [('::1', 10000, 0, 0), ('127.0.0.1', 10000)]
[2025-05-06T05:23:09.582+0000] {taskinstance.py:1935} ERROR - Task failed with exception
Traceback (most recent call last):
  File "/home/airflow/.local/lib/python3.8/site-packages/airflow/operators/python.py", line 192, in execute
    return_value = self.execute_callable()
  File "/home/airflow/.local/lib/python3.8/site-packages/airflow/operators/python.py", line 209, in execute_callable
    return self.python_callable(*self.op_args, **self.op_kwargs)
  File "/opt/airflow/dags/movielens_ingestion.py", line 84, in create_hive_tables
    hive_hook.run("""
  File "/home/airflow/.local/lib/python3.8/site-packages/airflow/providers/common/sql/hooks/sql.py", line 385, in run
    with closing(self.get_conn()) as conn:
  File "/home/airflow/.local/lib/python3.8/site-packages/airflow/providers/apache/hive/hooks/hive.py", line 869, in get_conn
    return connect(
  File "/home/airflow/.local/lib/python3.8/site-packages/pyhive/hive.py", line 143, in connect
    return Connection(*args, **kwargs)
  File "/home/airflow/.local/lib/python3.8/site-packages/pyhive/hive.py", line 269, in __init__
    self._transport.open()
  File "/home/airflow/.local/lib/python3.8/site-packages/thrift_sasl/__init__.py", line 74, in open
    self._trans.open()
  File "/home/airflow/.local/lib/python3.8/site-packages/thrift/transport/TSocket.py", line 146, in open
    raise TTransportException(type=TTransportException.NOT_OPEN, message=msg)
thrift.transport.TTransport.TTransportException: Could not connect to any of [('::1', 10000, 0, 0), ('127.0.0.1', 10000)]
[2025-05-06T05:23:09.604+0000] {taskinstance.py:1398} INFO - Marking task as UP_FOR_RETRY. dag_id=movielens_ingestion, task_id=create_hive_tables, execution_date=20250506T052301, start_date=20250506T052309, end_date=20250506T052309
[2025-05-06T05:23:09.635+0000] {standard_task_runner.py:104} ERROR - Failed to execute job 86 for task create_hive_tables (Could not connect to any of [('::1', 10000, 0, 0), ('127.0.0.1', 10000)]; 2699)
[2025-05-06T05:23:09.687+0000] {local_task_job_runner.py:228} INFO - Task exited with return code 1
[2025-05-06T05:23:09.730+0000] {taskinstance.py:2776} INFO - 0 downstream tasks scheduled from follow-on schedule check
